libuvccamera/build/outputs/logs/manifest-merger-release-report.txt
-- Merging decision tree log ---
manifest
ADDED from src\main\AndroidManifest.xml:24:1-30:12
INJECTED from src\main\AndroidManifest.xml:24:1-30:12
INJECTED from src\main\AndroidManifest.xml:24:1-30:12
INJECTED from src\main\AndroidManifest.xml:24:1-30:12
INJECTED from src\main\AndroidManifest.xml:24:1-30:12
INJECTED from src\main\AndroidManifest.xml:24:1-30:12
INJECTED from src\main\AndroidManifest.xml:24:1-30:12
	package
		ADDED from src\main\AndroidManifest.xml:25:5-40
		INJECTED from src\main\AndroidManifest.xml
		INJECTED from src\main\AndroidManifest.xml
	android:versionName
		ADDED from src\main\AndroidManifest.xml:27:5-30
		INJECTED from src\main\AndroidManifest.xml
		INJECTED from src\main\AndroidManifest.xml
	xmlns:android
		ADDED from src\main\AndroidManifest.xml:24:11-69
	android:versionCode
		ADDED from src\main\AndroidManifest.xml:26:5-28
		INJECTED from src\main\AndroidManifest.xml
		INJECTED from src\main\AndroidManifest.xml
uses-sdk
INJECTED from src\main\AndroidManifest.xml reason: use-sdk injection requested
INJECTED from src\main\AndroidManifest.xml
INJECTED from src\main\AndroidManifest.xml
INJECTED from src\main\AndroidManifest.xml
INJECTED from src\main\AndroidManifest.xml
	android:targetSdkVersion
		INJECTED from src\main\AndroidManifest.xml
		ADDED from src\main\AndroidManifest.xml
		INJECTED from src\main\AndroidManifest.xml
	android:minSdkVersion
		INJECTED from src\main\AndroidManifest.xml
		ADDED from src\main\AndroidManifest.xml
		INJECTED from src\main\AndroidManifest.xml